# 1.1
type	an	tn7	tn5	tn3	hum	mou	cow	chi	fn5	zeb	fn3	tet	med
copy	4	4	4	4	4	4	4	4	4	4	4	4	4
dups	3	0	0	0	0	0	0	0	0	0	0	0	0
loss	0	0	0	0	0	0	0	0	0	0	0	0	0
# 2.1
type	an	tn7	tn5	tn3	hum	mou	cow	chi	fn5	zeb	fn3	tet	med
copy	1	1	1	2	2	2	1	1	2	3	2	2	2
dups	0	0	0	1	0	0	0	0	1	1	0	0	0
loss	0	0	0	0	0	0	0	0	0	0	0	0	0
# 3.1
type	an	tn7	tn5	tn3	hum	mou	cow	chi	fn5	zeb	fn3	tet	med
copy	1	1	1	1	1	1	1	1	1	1	1	1	1
dups	0	0	0	0	0	0	0	0	0	0	0	0	0
loss	0	0	0	0	0	0	0	0	0	0	0	0	0
# 4.1
type	an	tn7	tn5	tn3	hum	mou	cow	chi	fn5	zeb	fn3	tet	med
copy	2	2	2	2	2	2	2	2	3	3	3	3	3
dups	1	0	0	0	0	0	0	0	1	0	0	0	0
loss	0	0	0	0	0	0	0	0	0	0	0	0	0
# 5.1
type	an	tn7	tn5	tn3	hum	mou	cow	chi	fn5	zeb	fn3	tet	med
copy	2	2	2	2	2	2	2	2	2	2	2	3	1
dups	1	0	0	0	0	0	0	0	0	0	0	1	0
loss	0	0	0	0	0	0	0	0	0	0	0	0	1
# 6.1
type	an	tn7	tn5	tn3	hum	mou	cow	chi	fn5	zeb	fn3	tet	med
copy	1	2	2	2	2	2	2	3	1	3	1	1	0
dups	0	1	0	0	0	0	0	1	0	2	0	0	0
loss	0	0	0	0	0	0	0	0	0	0	0	0	1
# 6.2
type	an	tn7	tn5	tn3	hum	mou	cow	chi	fn5	zeb	fn3	tet	med
copy	2	2	2	2	2	2	2	3	2	3	1	1	0
dups	1	0	0	0	0	0	0	1	0	1	0	0	0
loss	0	0	0	0	0	0	0	0	0	0	1	0	1
# 7.1
type	an	tn7	tn5	tn3	hum	mou	cow	chi	fn5	zeb	fn3	tet	med
copy	2	2	2	2	2	2	2	2	2	3	2	2	1
dups	1	0	0	0	0	0	0	0	0	1	0	0	0
loss	0	0	0	0	0	0	0	0	0	0	0	0	1
# 8.1
type	an	tn7	tn5	tn3	hum	mou	cow	chi	fn5	zeb	fn3	tet	med
copy	4	4	3	3	3	3	2	4	7	7	7	7	7
dups	3	0	0	0	0	0	0	0	3	0	0	0	0
loss	0	0	1	0	0	0	1	0	0	0	0	0	0
# 8.2
type	an	tn7	tn5	tn3	hum	mou	cow	chi	fn5	zeb	fn3	tet	med
copy	3	3	3	3	3	3	2	4	7	7	7	7	7
dups	2	0	0	0	0	0	0	1	4	0	0	0	0
loss	0	0	0	0	0	0	1	0	0	0	0	0	0
# 9.1
type	an	tn7	tn5	tn3	hum	mou	cow	chi	fn5	zeb	fn3	tet	med
copy	3	3	3	3	3	3	3	2	4	4	4	4	5
dups	2	0	0	0	0	0	0	0	1	0	0	0	1
loss	0	0	0	0	0	0	0	1	0	0	0	0	0
# 9.2
type	an	tn7	tn5	tn3	hum	mou	cow	chi	fn5	zeb	fn3	tet	med
copy	2	2	3	3	3	3	3	2	4	4	4	4	5
dups	1	0	1	0	0	0	0	0	2	0	0	0	1
loss	0	0	0	0	0	0	0	0	0	0	0	0	0
# 10.1
type	an	tn7	tn5	tn3	hum	mou	cow	chi	fn5	zeb	fn3	tet	med
copy	3	3	3	3	3	3	3	2	4	5	4	4	3
dups	2	0	0	0	0	0	0	0	1	1	0	0	0
loss	0	0	0	0	0	0	0	1	0	0	0	0	1
# 10.2
type	an	tn7	tn5	tn3	hum	mou	cow	chi	fn5	zeb	fn3	tet	med
copy	3	3	3	3	3	3	3	2	3	5	3	4	3
dups	2	0	0	0	0	0	0	0	0	2	0	1	0
loss	0	0	0	0	0	0	0	1	0	0	0	0	0
# 10.3
type	an	tn7	tn5	tn3	hum	mou	cow	chi	fn5	zeb	fn3	tet	med
copy	2	2	3	3	3	3	3	2	4	5	4	4	3
dups	1	0	1	0	0	0	0	0	2	1	0	0	0
loss	0	0	0	0	0	0	0	0	0	0	0	0	1
# 10.4
type	an	tn7	tn5	tn3	hum	mou	cow	chi	fn5	zeb	fn3	tet	med
copy	2	2	3	3	3	3	3	2	3	5	3	4	3
dups	1	0	1	0	0	0	0	0	1	2	0	1	0
loss	0	0	0	0	0	0	0	0	0	0	0	0	0
# 11.1
type	an	tn7	tn5	tn3	hum	mou	cow	chi	fn5	zeb	fn3	tet	med
copy	1	1	1	1	3	1	1	2	3	3	3	3	2
dups	0	0	0	0	2	0	0	1	2	0	0	0	0
loss	0	0	0	0	0	0	0	0	0	0	0	0	1
# 11.2
type	an	tn7	tn5	tn3	hum	mou	cow	chi	fn5	zeb	fn3	tet	med
copy	1	1	1	1	3	1	1	2	2	3	2	3	2
dups	0	0	0	0	2	0	0	1	1	1	0	1	0
loss	0	0	0	0	0	0	0	0	0	0	0	0	0
# 11.3
type	an	tn7	tn5	tn3	hum	mou	cow	chi	fn5	zeb	fn3	tet	med
copy	2	2	1	1	3	1	1	2	3	3	3	3	2
dups	1	0	0	0	2	0	0	0	1	0	0	0	0
loss	0	0	1	0	0	0	0	0	0	0	0	0	1
# 11.4
type	an	tn7	tn5	tn3	hum	mou	cow	chi	fn5	zeb	fn3	tet	med
copy	2	2	2	2	3	1	1	2	3	3	3	3	2
dups	1	0	0	0	1	0	0	0	1	0	0	0	0
loss	0	0	0	0	0	1	1	0	0	0	0	0	1
# 11.5
type	an	tn7	tn5	tn3	hum	mou	cow	chi	fn5	zeb	fn3	tet	med
copy	2	2	1	1	3	1	1	2	2	3	2	3	2
dups	1	0	0	0	2	0	0	0	0	1	0	1	0
loss	0	0	1	0	0	0	0	0	0	0	0	0	0
# 11.6
type	an	tn7	tn5	tn3	hum	mou	cow	chi	fn5	zeb	fn3	tet	med
copy	2	2	2	2	3	1	1	2	2	3	2	3	2
dups	1	0	0	0	1	0	0	0	0	1	0	1	0
loss	0	0	0	0	0	1	1	0	0	0	0	0	0
# 12.1
type	an	tn7	tn5	tn3	hum	mou	cow	chi	fn5	zeb	fn3	tet	med
copy	1	1	0	0	0	0	0	1	1	1	1	1	0
dups	0	0	0	0	0	0	0	0	0	0	0	0	0
loss	0	0	1	0	0	0	0	0	0	0	0	0	1
# 13.1
type	an	tn7	tn5	tn3	hum	mou	cow	chi	fn5	zeb	fn3	tet	med
copy	3	3	3	3	4	3	3	4	3	4	3	3	2
dups	2	0	0	0	1	0	0	1	0	1	0	0	0
loss	0	0	0	0	0	0	0	0	0	0	0	0	1
# 14.1
type	an	tn7	tn5	tn3	hum	mou	cow	chi	fn5	zeb	fn3	tet	med
copy	2	2	2	2	2	2	2	2	4	5	4	5	3
dups	1	0	0	0	0	0	0	0	2	1	0	1	0
loss	0	0	0	0	0	0	0	0	0	0	0	0	1
# 14.2
type	an	tn7	tn5	tn3	hum	mou	cow	chi	fn5	zeb	fn3	tet	med
copy	2	2	2	2	2	2	2	2	3	5	3	5	3
dups	1	0	0	0	0	0	0	0	1	2	0	2	0
loss	0	0	0	0	0	0	0	0	0	0	0	0	0
# 14.3
type	an	tn7	tn5	tn3	hum	mou	cow	chi	fn5	zeb	fn3	tet	med
copy	2	2	2	2	2	2	2	2	5	5	5	5	3
dups	1	0	0	0	0	0	0	0	3	0	0	0	0
loss	0	0	0	0	0	0	0	0	0	0	0	0	2
# 15.1
type	an	tn7	tn5	tn3	hum	mou	cow	chi	fn5	zeb	fn3	tet	med
copy	1	1	1	1	1	1	1	0	1	2	1	0	1
dups	0	0	0	0	0	0	0	0	0	1	0	0	0
loss	0	0	0	0	0	0	0	1	0	0	0	1	0
# 16.1
type	an	tn7	tn5	tn3	hum	mou	cow	chi	fn5	zeb	fn3	tet	med
copy	1	1	1	1	1	1	1	1	1	1	0	0	0
dups	0	0	0	0	0	0	0	0	0	0	0	0	0
loss	0	0	0	0	0	0	0	0	0	0	1	0	0
# 17.1
type	an	tn7	tn5	tn3	hum	mou	cow	chi	fn5	zeb	fn3	tet	med
copy	2	2	2	2	2	3	1	2	4	4	4	3	4
dups	1	0	0	0	0	1	0	0	2	0	0	0	0
loss	0	0	0	0	0	0	1	0	0	0	0	1	0
# 17.2
type	an	tn7	tn5	tn3	hum	mou	cow	chi	fn5	zeb	fn3	tet	med
copy	2	2	2	2	2	3	1	2	3	4	3	3	4
dups	1	0	0	0	0	1	0	0	1	1	0	0	1
loss	0	0	0	0	0	0	1	0	0	0	0	0	0
# 18.1
type	an	tn7	tn5	tn3	hum	mou	cow	chi	fn5	zeb	fn3	tet	med
copy	6	6	6	6	6	4	5	6	6	8	6	6	6
dups	5	0	0	0	0	0	0	0	0	2	0	0	0
loss	0	0	0	0	0	2	1	0	0	0	0	0	0
# 18.2
type	an	tn7	tn5	tn3	hum	mou	cow	chi	fn5	zeb	fn3	tet	med
copy	6	6	5	5	6	4	5	6	6	8	6	6	6
dups	5	0	0	0	1	0	0	0	0	2	0	0	0
loss	0	0	1	0	0	1	0	0	0	0	0	0	0
# 18.3
type	an	tn7	tn5	tn3	hum	mou	cow	chi	fn5	zeb	fn3	tet	med
copy	5	5	5	5	6	4	5	6	6	8	6	6	6
dups	4	0	0	0	1	0	0	1	1	2	0	0	0
loss	0	0	0	0	0	1	0	0	0	0	0	0	0
# 19.1
type	an	tn7	tn5	tn3	hum	mou	cow	chi	fn5	zeb	fn3	tet	med
copy	2	2	2	2	2	2	2	0	4	4	4	4	4
dups	1	0	0	0	0	0	0	0	2	0	0	0	0
loss	0	0	0	0	0	0	0	2	0	0	0	0	0
# 19.2
type	an	tn7	tn5	tn3	hum	mou	cow	chi	fn5	zeb	fn3	tet	med
copy	1	1	2	2	2	2	2	0	4	4	4	4	4
dups	0	0	1	0	0	0	0	0	3	0	0	0	0
loss	0	0	0	0	0	0	0	1	0	0	0	0	0
# 20.1
type	an	tn7	tn5	tn3	hum	mou	cow	chi	fn5	zeb	fn3	tet	med
copy	1	1	1	1	1	1	1	0	1	1	1	2	1
dups	0	0	0	0	0	0	0	0	0	0	0	1	0
loss	0	0	0	0	0	0	0	1	0	0	0	0	0
# 21.1
type	an	tn7	tn5	tn3	hum	mou	cow	chi	fn5	zeb	fn3	tet	med
copy	1	1	1	1	1	1	1	1	1	1	2	2	2
dups	0	0	0	0	0	0	0	0	0	0	1	0	0
loss	0	0	0	0	0	0	0	0	0	0	0	0	0
# 22.1
type	an	tn7	tn5	tn3	hum	mou	cow	chi	fn5	zeb	fn3	tet	med
copy	1	1	1	1	1	1	1	1	1	1	1	2	1
dups	0	0	0	0	0	0	0	0	0	0	0	1	0
loss	0	0	0	0	0	0	0	0	0	0	0	0	0
# 23.1
type	an	tn7	tn5	tn3	hum	mou	cow	chi	fn5	zeb	fn3	tet	med
copy	3	3	3	4	4	4	3	2	3	6	3	5	3
dups	2	0	0	1	0	0	0	0	0	3	0	2	0
loss	0	0	0	0	0	0	0	1	0	0	0	0	0
# 23.2
type	an	tn7	tn5	tn3	hum	mou	cow	chi	fn5	zeb	fn3	tet	med
copy	3	3	3	4	4	4	3	2	4	6	4	5	3
dups	2	0	0	1	0	0	0	0	1	2	0	1	0
loss	0	0	0	0	0	0	0	1	0	0	0	0	1
# 23.3
type	an	tn7	tn5	tn3	hum	mou	cow	chi	fn5	zeb	fn3	tet	med
copy	3	3	3	4	4	4	3	2	5	6	5	5	3
dups	2	0	0	1	0	0	0	0	2	1	0	0	0
loss	0	0	0	0	0	0	0	1	0	0	0	0	2
# 23.4
type	an	tn7	tn5	tn3	hum	mou	cow	chi	fn5	zeb	fn3	tet	med
copy	2	2	3	4	4	4	3	2	3	6	3	5	3
dups	1	0	1	1	0	0	0	0	1	3	0	2	0
loss	0	0	0	0	0	0	0	0	0	0	0	0	0
# 23.5
type	an	tn7	tn5	tn3	hum	mou	cow	chi	fn5	zeb	fn3	tet	med
copy	2	2	3	4	4	4	3	2	4	6	4	5	3
dups	1	0	1	1	0	0	0	0	2	2	0	1	0
loss	0	0	0	0	0	0	0	0	0	0	0	0	1
# 23.6
type	an	tn7	tn5	tn3	hum	mou	cow	chi	fn5	zeb	fn3	tet	med
copy	2	2	3	4	4	4	3	2	5	6	5	5	3
dups	1	0	1	1	0	0	0	0	3	1	0	0	0
loss	0	0	0	0	0	0	0	0	0	0	0	0	2
# 24.1
type	an	tn7	tn5	tn3	hum	mou	cow	chi	fn5	zeb	fn3	tet	med
copy	3	3	3	3	3	2	3	4	3	5	3	1	4
dups	2	0	0	0	0	0	0	1	0	2	0	0	1
loss	0	0	0	0	0	1	0	0	0	0	0	2	0
# 24.2
type	an	tn7	tn5	tn3	hum	mou	cow	chi	fn5	zeb	fn3	tet	med
copy	3	3	3	3	3	2	3	4	4	5	4	1	4
dups	2	0	0	0	0	0	0	1	1	1	0	0	0
loss	0	0	0	0	0	1	0	0	0	0	0	3	0
# 24.3
type	an	tn7	tn5	tn3	hum	mou	cow	chi	fn5	zeb	fn3	tet	med
copy	4	4	3	3	3	2	3	4	4	5	4	1	4
dups	3	0	0	0	0	0	0	0	0	1	0	0	0
loss	0	0	1	0	0	1	0	0	0	0	0	3	0
# 25.1
type	an	tn7	tn5	tn3	hum	mou	cow	chi	fn5	zeb	fn3	tet	med
copy	2	2	2	2	2	2	2	2	3	4	3	2	3
dups	1	0	0	0	0	0	0	0	1	1	0	0	0
loss	0	0	0	0	0	0	0	0	0	0	0	1	0
# 25.2
type	an	tn7	tn5	tn3	hum	mou	cow	chi	fn5	zeb	fn3	tet	med
copy	2	2	2	2	2	2	2	2	2	4	2	2	3
dups	1	0	0	0	0	0	0	0	0	2	0	0	1
loss	0	0	0	0	0	0	0	0	0	0	0	0	0
# 26.1
type	an	tn7	tn5	tn3	hum	mou	cow	chi	fn5	zeb	fn3	tet	med
copy	2	2	2	2	2	2	2	2	2	4	1	0	1
dups	1	0	0	0	0	0	0	0	0	2	0	0	0
loss	0	0	0	0	0	0	0	0	0	0	1	1	0
# 26.2
type	an	tn7	tn5	tn3	hum	mou	cow	chi	fn5	zeb	fn3	tet	med
copy	1	2	2	2	2	2	2	2	1	4	1	0	1
dups	0	1	0	0	0	0	0	0	0	3	0	0	0
loss	0	0	0	0	0	0	0	0	0	0	0	1	0
# 27.1
type	an	tn7	tn5	tn3	hum	mou	cow	chi	fn5	zeb	fn3	tet	med
copy	1	1	1	1	1	1	1	1	1	1	1	1	1
dups	0	0	0	0	0	0	0	0	0	0	0	0	0
loss	0	0	0	0	0	0	0	0	0	0	0	0	0
# 28.1
type	an	tn7	tn5	tn3	hum	mou	cow	chi	fn5	zeb	fn3	tet	med
copy	2	2	2	2	2	2	2	2	2	3	2	2	2
dups	1	0	0	0	0	0	0	0	0	1	0	0	0
loss	0	0	0	0	0	0	0	0	0	0	0	0	0
# 29.1
type	an	tn7	tn5	tn3	hum	mou	cow	chi	fn5	zeb	fn3	tet	med
copy	1	1	1	1	1	1	1	1	1	1	1	1	1
dups	0	0	0	0	0	0	0	0	0	0	0	0	0
loss	0	0	0	0	0	0	0	0	0	0	0	0	0
# 30.1
type	an	tn7	tn5	tn3	hum	mou	cow	chi	fn5	zeb	fn3	tet	med
copy	1	1	1	1	1	1	1	2	1	1	0	0	0
dups	0	0	0	0	0	0	0	1	0	0	0	0	0
loss	0	0	0	0	0	0	0	0	0	0	1	0	0
# 31.1
type	an	tn7	tn5	tn3	hum	mou	cow	chi	fn5	zeb	fn3	tet	med
copy	1	1	1	1	1	1	0	0	1	3	0	0	0
dups	0	0	0	0	0	0	0	0	0	2	0	0	0
loss	0	0	0	0	0	0	1	1	0	0	1	0	0
# 32.1
type	an	tn7	tn5	tn3	hum	mou	cow	chi	fn5	zeb	fn3	tet	med
copy	2	2	2	2	2	2	2	1	2	3	2	1	2
dups	1	0	0	0	0	0	0	0	0	1	0	0	0
loss	0	0	0	0	0	0	0	1	0	0	0	1	0
# 32.2
type	an	tn7	tn5	tn3	hum	mou	cow	chi	fn5	zeb	fn3	tet	med
copy	1	1	2	2	2	2	2	1	2	3	2	1	2
dups	0	0	1	0	0	0	0	0	1	1	0	0	0
loss	0	0	0	0	0	0	0	0	0	0	0	1	0
# 32.3
type	an	tn7	tn5	tn3	hum	mou	cow	chi	fn5	zeb	fn3	tet	med
copy	1	1	2	2	2	2	2	1	1	3	1	1	2
dups	0	0	1	0	0	0	0	0	0	2	0	0	1
loss	0	0	0	0	0	0	0	0	0	0	0	0	0
# 33.1
type	an	tn7	tn5	tn3	hum	mou	cow	chi	fn5	zeb	fn3	tet	med
copy	1	1	1	1	1	1	1	1	2	2	2	2	1
dups	0	0	0	0	0	0	0	0	1	0	0	0	0
loss	0	0	0	0	0	0	0	0	0	0	0	0	1
# 33.2
type	an	tn7	tn5	tn3	hum	mou	cow	chi	fn5	zeb	fn3	tet	med
copy	1	1	1	1	1	1	1	1	1	2	1	2	1
dups	0	0	0	0	0	0	0	0	0	1	0	1	0
loss	0	0	0	0	0	0	0	0	0	0	0	0	0
# 34.1
type	an	tn7	tn5	tn3	hum	mou	cow	chi	fn5	zeb	fn3	tet	med
copy	1	1	1	1	1	1	0	1	1	1	1	1	0
dups	0	0	0	0	0	0	0	0	0	0	0	0	0
loss	0	0	0	0	0	0	1	0	0	0	0	0	1
# 35.1
type	an	tn7	tn5	tn3	hum	mou	cow	chi	fn5	zeb	fn3	tet	med
copy	3	3	3	3	3	3	3	3	4	4	4	4	4
dups	2	0	0	0	0	0	0	0	1	0	0	0	0
loss	0	0	0	0	0	0	0	0	0	0	0	0	0
# 36.1
type	an	tn7	tn5	tn3	hum	mou	cow	chi	fn5	zeb	fn3	tet	med
copy	1	1	2	2	2	2	2	1	1	1	1	1	1
dups	0	0	1	0	0	0	0	0	0	0	0	0	0
loss	0	0	0	0	0	0	0	0	0	0	0	0	0
# 37.1
type	an	tn7	tn5	tn3	hum	mou	cow	chi	fn5	zeb	fn3	tet	med
copy	1	1	2	2	2	2	2	1	1	1	1	1	1
dups	0	0	1	0	0	0	0	0	0	0	0	0	0
loss	0	0	0	0	0	0	0	0	0	0	0	0	0
# 38.1
type	an	tn7	tn5	tn3	hum	mou	cow	chi	fn5	zeb	fn3	tet	med
copy	1	1	1	1	1	1	1	1	1	2	1	1	1
dups	0	0	0	0	0	0	0	0	0	1	0	0	0
loss	0	0	0	0	0	0	0	0	0	0	0	0	0
# 39.1
type	an	tn7	tn5	tn3	hum	mou	cow	chi	fn5	zeb	fn3	tet	med
copy	1	1	1	1	1	1	1	1	1	3	1	1	1
dups	0	0	0	0	0	0	0	0	0	2	0	0	0
loss	0	0	0	0	0	0	0	0	0	0	0	0	0
# 40.1
type	an	tn7	tn5	tn3	hum	mou	cow	chi	fn5	zeb	fn3	tet	med
copy	3	3	3	3	3	3	3	3	3	3	3	3	3
dups	2	0	0	0	0	0	0	0	0	0	0	0	0
loss	0	0	0	0	0	0	0	0	0	0	0	0	0
# 41.1
type	an	tn7	tn5	tn3	hum	mou	cow	chi	fn5	zeb	fn3	tet	med
copy	2	3	3	3	3	3	3	3	2	2	2	4	2
dups	1	1	0	0	0	0	0	0	0	0	0	2	0
loss	0	0	0	0	0	0	0	0	0	0	0	0	0
# 42.1
type	an	tn7	tn5	tn3	hum	mou	cow	chi	fn5	zeb	fn3	tet	med
copy	1	1	1	1	1	1	1	1	1	1	1	0	1
dups	0	0	0	0	0	0	0	0	0	0	0	0	0
loss	0	0	0	0	0	0	0	0	0	0	0	1	0
# 43.1
type	an	tn7	tn5	tn3	hum	mou	cow	chi	fn5	zeb	fn3	tet	med
copy	1	1	1	1	1	2	1	2	1	2	1	1	1
dups	0	0	0	0	0	1	0	1	0	1	0	0	0
loss	0	0	0	0	0	0	0	0	0	0	0	0	0
# 44.1
type	an	tn7	tn5	tn3	hum	mou	cow	chi	fn5	zeb	fn3	tet	med
copy	1	1	1	1	1	1	1	0	1	1	1	2	1
dups	0	0	0	0	0	0	0	0	0	0	0	1	0
loss	0	0	0	0	0	0	0	1	0	0	0	0	0
# 45.1
type	an	tn7	tn5	tn3	hum	mou	cow	chi	fn5	zeb	fn3	tet	med
copy	1	1	1	1	1	1	1	1	1	2	0	0	0
dups	0	0	0	0	0	0	0	0	0	1	0	0	0
loss	0	0	0	0	0	0	0	0	0	0	1	0	0
# 46.1
type	an	tn7	tn5	tn3	hum	mou	cow	chi	fn5	zeb	fn3	tet	med
copy	1	1	1	1	1	1	1	0	1	1	1	1	1
dups	0	0	0	0	0	0	0	0	0	0	0	0	0
loss	0	0	0	0	0	0	0	1	0	0	0	0	0
# 47.1
type	an	tn7	tn5	tn3	hum	mou	cow	chi	fn5	zeb	fn3	tet	med
copy	2	2	3	3	2	3	3	1	2	2	2	3	2
dups	1	0	1	0	0	0	0	0	0	0	0	1	0
loss	0	0	0	0	1	0	0	1	0	0	0	0	0
# 47.2
type	an	tn7	tn5	tn3	hum	mou	cow	chi	fn5	zeb	fn3	tet	med
copy	2	2	2	2	2	3	3	1	2	2	2	3	2
dups	1	0	0	0	0	1	1	0	0	0	0	1	0
loss	0	0	0	0	0	0	0	1	0	0	0	0	0
# 47.3
type	an	tn7	tn5	tn3	hum	mou	cow	chi	fn5	zeb	fn3	tet	med
copy	1	1	3	3	2	3	3	1	2	2	2	3	2
dups	0	0	2	0	0	0	0	0	1	0	0	1	0
loss	0	0	0	0	1	0	0	0	0	0	0	0	0
# 47.4
type	an	tn7	tn5	tn3	hum	mou	cow	chi	fn5	zeb	fn3	tet	med
copy	1	1	2	2	2	3	3	1	2	2	2	3	2
dups	0	0	1	0	0	1	1	0	1	0	0	1	0
loss	0	0	0	0	0	0	0	0	0	0	0	0	0
# 48.1
type	an	tn7	tn5	tn3	hum	mou	cow	chi	fn5	zeb	fn3	tet	med
copy	1	1	1	1	1	1	1	0	1	2	1	1	1
dups	0	0	0	0	0	0	0	0	0	1	0	0	0
loss	0	0	0	0	0	0	0	1	0	0	0	0	0
# 49.1
type	an	tn7	tn5	tn3	hum	mou	cow	chi	fn5	zeb	fn3	tet	med
copy	1	1	1	1	1	1	1	1	1	1	2	2	2
dups	0	0	0	0	0	0	0	0	0	0	1	0	0
loss	0	0	0	0	0	0	0	0	0	0	0	0	0
# 50.1
type	an	tn7	tn5	tn3	hum	mou	cow	chi	fn5	zeb	fn3	tet	med
copy	1	1	1	1	1	1	1	1	1	1	1	1	1
dups	0	0	0	0	0	0	0	0	0	0	0	0	0
loss	0	0	0	0	0	0	0	0	0	0	0	0	0
# 51.1
type	an	tn7	tn5	tn3	hum	mou	cow	chi	fn5	zeb	fn3	tet	med
copy	1	1	1	1	1	1	1	1	1	1	1	1	2
dups	0	0	0	0	0	0	0	0	0	0	0	0	1
loss	0	0	0	0	0	0	0	0	0	0	0	0	0
# 52.1
type	an	tn7	tn5	tn3	hum	mou	cow	chi	fn5	zeb	fn3	tet	med
copy	1	1	1	1	0	1	0	1	1	1	1	1	2
dups	0	0	0	0	0	0	0	0	0	0	0	0	1
loss	0	0	0	0	1	0	1	0	0	0	0	0	0
# 53.1
type	an	tn7	tn5	tn3	hum	mou	cow	chi	fn5	zeb	fn3	tet	med
copy	1	1	1	1	1	1	1	1	1	1	1	0	1
dups	0	0	0	0	0	0	0	0	0	0	0	0	0
loss	0	0	0	0	0	0	0	0	0	0	0	1	0
# 54.1
type	an	tn7	tn5	tn3	hum	mou	cow	chi	fn5	zeb	fn3	tet	med
copy	1	1	1	1	1	1	1	1	1	1	1	1	1
dups	0	0	0	0	0	0	0	0	0	0	0	0	0
loss	0	0	0	0	0	0	0	0	0	0	0	0	0
# 55.1
type	an	tn7	tn5	tn3	hum	mou	cow	chi	fn5	zeb	fn3	tet	med
copy	1	1	1	1	1	1	1	1	1	1	1	1	2
dups	0	0	0	0	0	0	0	0	0	0	0	0	1
loss	0	0	0	0	0	0	0	0	0	0	0	0	0
# 56.1
type	an	tn7	tn5	tn3	hum	mou	cow	chi	fn5	zeb	fn3	tet	med
copy	1	1	1	1	1	1	1	1	1	1	1	1	1
dups	0	0	0	0	0	0	0	0	0	0	0	0	0
loss	0	0	0	0	0	0	0	0	0	0	0	0	0
# 57.1
type	an	tn7	tn5	tn3	hum	mou	cow	chi	fn5	zeb	fn3	tet	med
copy	3	3	3	3	3	3	3	3	6	6	6	4	6
dups	2	0	0	0	0	0	0	0	3	0	0	0	0
loss	0	0	0	0	0	0	0	0	0	0	0	2	0
# 57.2
type	an	tn7	tn5	tn3	hum	mou	cow	chi	fn5	zeb	fn3	tet	med
copy	3	3	3	3	3	3	3	3	4	6	4	4	6
dups	2	0	0	0	0	0	0	0	1	2	0	0	2
loss	0	0	0	0	0	0	0	0	0	0	0	0	0
# 57.3
type	an	tn7	tn5	tn3	hum	mou	cow	chi	fn5	zeb	fn3	tet	med
copy	3	3	3	3	3	3	3	3	5	6	5	4	6
dups	2	0	0	0	0	0	0	0	2	1	0	0	1
loss	0	0	0	0	0	0	0	0	0	0	0	1	0
# 58.1
type	an	tn7	tn5	tn3	hum	mou	cow	chi	fn5	zeb	fn3	tet	med
copy	2	2	2	2	2	2	2	2	2	2	2	2	2
dups	1	0	0	0	0	0	0	0	0	0	0	0	0
loss	0	0	0	0	0	0	0	0	0	0	0	0	0
# 59.1
type	an	tn7	tn5	tn3	hum	mou	cow	chi	fn5	zeb	fn3	tet	med
copy	2	2	2	2	2	2	2	1	4	6	4	4	4
dups	1	0	0	0	0	0	0	0	2	2	0	0	0
loss	0	0	0	0	0	0	0	1	0	0	0	0	0
# 59.2
type	an	tn7	tn5	tn3	hum	mou	cow	chi	fn5	zeb	fn3	tet	med
copy	1	1	2	2	2	2	2	1	4	6	4	4	4
dups	0	0	1	0	0	0	0	0	3	2	0	0	0
loss	0	0	0	0	0	0	0	0	0	0	0	0	0
# 60.1
type	an	tn7	tn5	tn3	hum	mou	cow	chi	fn5	zeb	fn3	tet	med
copy	2	2	2	2	2	2	2	2	5	6	5	5	5
dups	1	0	0	0	0	0	0	0	3	1	0	0	0
loss	0	0	0	0	0	0	0	0	0	0	0	0	0
# 61.1
type	an	tn7	tn5	tn3	hum	mou	cow	chi	fn5	zeb	fn3	tet	med
copy	2	2	2	3	3	3	2	2	3	6	3	4	3
dups	1	0	0	1	0	0	0	0	1	3	0	1	0
loss	0	0	0	0	0	0	0	0	0	0	0	0	0
# 61.2
type	an	tn7	tn5	tn3	hum	mou	cow	chi	fn5	zeb	fn3	tet	med
copy	2	2	2	3	3	3	2	2	4	6	4	4	3
dups	1	0	0	1	0	0	0	0	2	2	0	0	0
loss	0	0	0	0	0	0	0	0	0	0	0	0	1
# 62.1
type	an	tn7	tn5	tn3	hum	mou	cow	chi	fn5	zeb	fn3	tet	med
copy	2	2	2	2	2	2	2	0	4	6	4	4	4
dups	1	0	0	0	0	0	0	0	2	2	0	0	0
loss	0	0	0	0	0	0	0	2	0	0	0	0	0
# 62.2
type	an	tn7	tn5	tn3	hum	mou	cow	chi	fn5	zeb	fn3	tet	med
copy	1	1	2	2	2	2	2	0	4	6	4	4	4
dups	0	0	1	0	0	0	0	0	3	2	0	0	0
loss	0	0	0	0	0	0	0	1	0	0	0	0	0
# 63.1
type	an	tn7	tn5	tn3	hum	mou	cow	chi	fn5	zeb	fn3	tet	med
copy	1	1	1	1	0	1	1	0	1	3	1	0	1
dups	0	0	0	0	0	0	0	0	0	2	0	0	0
loss	0	0	0	0	1	0	0	1	0	0	0	1	0
# 64.1
type	an	tn7	tn5	tn3	hum	mou	cow	chi	fn5	zeb	fn3	tet	med
copy	2	2	3	3	3	3	3	2	2	5	2	2	2
dups	1	0	1	0	0	0	0	0	0	3	0	0	0
loss	0	0	0	0	0	0	0	0	0	0	0	0	0
# 65.1
type	an	tn7	tn5	tn3	hum	mou	cow	chi	fn5	zeb	fn3	tet	med
copy	2	2	3	3	3	2	3	1	2	3	2	2	2
dups	1	0	1	0	0	0	0	0	0	1	0	0	0
loss	0	0	0	0	0	1	0	1	0	0	0	0	0
# 65.2
type	an	tn7	tn5	tn3	hum	mou	cow	chi	fn5	zeb	fn3	tet	med
copy	2	2	2	2	3	2	3	1	2	3	2	2	2
dups	1	0	0	0	1	0	1	0	0	1	0	0	0
loss	0	0	0	0	0	0	0	1	0	0	0	0	0
# 65.3
type	an	tn7	tn5	tn3	hum	mou	cow	chi	fn5	zeb	fn3	tet	med
copy	1	1	3	3	3	2	3	1	2	3	2	2	2
dups	0	0	2	0	0	0	0	0	1	1	0	0	0
loss	0	0	0	0	0	1	0	0	0	0	0	0	0
# 65.4
type	an	tn7	tn5	tn3	hum	mou	cow	chi	fn5	zeb	fn3	tet	med
copy	1	1	2	2	3	2	3	1	2	3	2	2	2
dups	0	0	1	0	1	0	1	0	1	1	0	0	0
loss	0	0	0	0	0	0	0	0	0	0	0	0	0
# 66.1
type	an	tn7	tn5	tn3	hum	mou	cow	chi	fn5	zeb	fn3	tet	med
copy	2	2	2	2	2	2	1	2	2	3	1	1	1
dups	1	0	0	0	0	0	0	0	0	1	0	0	0
loss	0	0	0	0	0	0	1	0	0	0	1	0	0
# 66.2
type	an	tn7	tn5	tn3	hum	mou	cow	chi	fn5	zeb	fn3	tet	med
copy	1	2	2	2	2	2	1	2	1	3	1	1	1
dups	0	1	0	0	0	0	0	0	0	2	0	0	0
loss	0	0	0	0	0	0	1	0	0	0	0	0	0
# 66.3
type	an	tn7	tn5	tn3	hum	mou	cow	chi	fn5	zeb	fn3	tet	med
copy	1	1	1	2	2	2	1	2	1	3	1	1	1
dups	0	0	0	1	0	0	0	1	0	2	0	0	0
loss	0	0	0	0	0	0	0	0	0	0	0	0	0
# 67.1
type	an	tn7	tn5	tn3	hum	mou	cow	chi	fn5	zeb	fn3	tet	med
copy	1	1	1	1	1	1	0	1	2	3	2	2	2
dups	0	0	0	0	0	0	0	0	1	1	0	0	0
loss	0	0	0	0	0	0	1	0	0	0	0	0	0
# 68.1
type	an	tn7	tn5	tn3	hum	mou	cow	chi	fn5	zeb	fn3	tet	med
copy	4	4	4	4	4	4	6	4	4	4	6	7	6
dups	3	0	0	0	0	0	2	0	0	0	2	1	0
loss	0	0	0	0	0	0	0	0	0	0	0	0	0
# 69.1
type	an	tn7	tn5	tn3	hum	mou	cow	chi	fn5	zeb	fn3	tet	med
copy	1	1	1	1	1	2	1	2	1	2	1	1	1
dups	0	0	0	0	0	1	0	1	0	1	0	0	0
loss	0	0	0	0	0	0	0	0	0	0	0	0	0
# 70.1
type	an	tn7	tn5	tn3	hum	mou	cow	chi	fn5	zeb	fn3	tet	med
copy	2	2	2	2	2	1	3	2	2	3	1	0	1
dups	1	0	0	0	0	0	1	0	0	1	0	0	0
loss	0	0	0	0	0	1	0	0	0	0	1	1	0
# 70.2
type	an	tn7	tn5	tn3	hum	mou	cow	chi	fn5	zeb	fn3	tet	med
copy	1	2	2	2	2	1	3	2	1	3	1	0	1
dups	0	1	0	0	0	0	1	0	0	2	0	0	0
loss	0	0	0	0	0	1	0	0	0	0	0	1	0
# 71.1
type	an	tn7	tn5	tn3	hum	mou	cow	chi	fn5	zeb	fn3	tet	med
copy	1	1	1	1	0	1	0	1	1	1	1	0	1
dups	0	0	0	0	0	0	0	0	0	0	0	0	0
loss	0	0	0	0	1	0	1	0	0	0	0	1	0
# 72.1
type	an	tn7	tn5	tn3	hum	mou	cow	chi	fn5	zeb	fn3	tet	med
copy	1	1	1	1	1	1	1	1	1	1	1	1	1
dups	0	0	0	0	0	0	0	0	0	0	0	0	0
loss	0	0	0	0	0	0	0	0	0	0	0	0	0
# 73.1
type	an	tn7	tn5	tn3	hum	mou	cow	chi	fn5	zeb	fn3	tet	med
copy	1	1	1	1	1	0	1	1	1	1	1	0	1
dups	0	0	0	0	0	0	0	0	0	0	0	0	0
loss	0	0	0	0	0	1	0	0	0	0	0	1	0
# 74.1
type	an	tn7	tn5	tn3	hum	mou	cow	chi	fn5	zeb	fn3	tet	med
copy	1	1	1	1	1	1	1	1	2	2	2	2	2
dups	0	0	0	0	0	0	0	0	1	0	0	0	0
loss	0	0	0	0	0	0	0	0	0	0	0	0	0
# 75.1
type	an	tn7	tn5	tn3	hum	mou	cow	chi	fn5	zeb	fn3	tet	med
copy	1	1	0	0	0	0	0	1	2	2	2	2	0
dups	0	0	0	0	0	0	0	0	1	0	0	0	0
loss	0	0	1	0	0	0	0	0	0	0	0	0	2
# 75.2
type	an	tn7	tn5	tn3	hum	mou	cow	chi	fn5	zeb	fn3	tet	med
copy	1	1	0	0	0	0	0	1	1	2	1	2	0
dups	0	0	0	0	0	0	0	0	0	1	0	1	0
loss	0	0	1	0	0	0	0	0	0	0	0	0	1
# 76.1
type	an	tn7	tn5	tn3	hum	mou	cow	chi	fn5	zeb	fn3	tet	med
copy	1	1	2	2	2	2	2	1	1	2	1	1	1
dups	0	0	1	0	0	0	0	0	0	1	0	0	0
loss	0	0	0	0	0	0	0	0	0	0	0	0	0
# 77.1
type	an	tn7	tn5	tn3	hum	mou	cow	chi	fn5	zeb	fn3	tet	med
copy	1	1	1	1	1	1	1	1	2	2	2	0	2
dups	0	0	0	0	0	0	0	0	1	0	0	0	0
loss	0	0	0	0	0	0	0	0	0	0	0	2	0
# 77.2
type	an	tn7	tn5	tn3	hum	mou	cow	chi	fn5	zeb	fn3	tet	med
copy	1	1	1	1	1	1	1	1	1	2	1	0	2
dups	0	0	0	0	0	0	0	0	0	1	0	0	1
loss	0	0	0	0	0	0	0	0	0	0	0	1	0
# 78.1
type	an	tn7	tn5	tn3	hum	mou	cow	chi	fn5	zeb	fn3	tet	med
copy	1	1	1	1	1	1	1	1	1	2	1	1	1
dups	0	0	0	0	0	0	0	0	0	1	0	0	0
loss	0	0	0	0	0	0	0	0	0	0	0	0	0
# 79.1
type	an	tn7	tn5	tn3	hum	mou	cow	chi	fn5	zeb	fn3	tet	med
copy	1	1	1	1	1	1	1	1	2	2	2	2	2
dups	0	0	0	0	0	0	0	0	1	0	0	0	0
loss	0	0	0	0	0	0	0	0	0	0	0	0	0
# 80.1
type	an	tn7	tn5	tn3	hum	mou	cow	chi	fn5	zeb	fn3	tet	med
copy	1	1	1	1	1	1	1	1	1	2	1	1	0
dups	0	0	0	0	0	0	0	0	0	1	0	0	0
loss	0	0	0	0	0	0	0	0	0	0	0	0	1
# 81.1
type	an	tn7	tn5	tn3	hum	mou	cow	chi	fn5	zeb	fn3	tet	med
copy	1	1	1	1	1	0	0	0	1	1	0	0	0
dups	0	0	0	0	0	0	0	0	0	0	0	0	0
loss	0	0	0	0	0	1	1	1	0	0	1	0	0
# 82.1
type	an	tn7	tn5	tn3	hum	mou	cow	chi	fn5	zeb	fn3	tet	med
copy	1	1	0	0	0	0	0	1	1	1	1	1	1
dups	0	0	0	0	0	0	0	0	0	0	0	0	0
loss	0	0	1	0	0	0	0	0	0	0	0	0	0
# 83.1
type	an	tn7	tn5	tn3	hum	mou	cow	chi	fn5	zeb	fn3	tet	med
copy	1	1	1	1	1	1	1	0	2	3	2	2	2
dups	0	0	0	0	0	0	0	0	1	1	0	0	0
loss	0	0	0	0	0	0	0	1	0	0	0	0	0
# 84.1
type	an	tn7	tn5	tn3	hum	mou	cow	chi	fn5	zeb	fn3	tet	med
copy	3	3	3	3	3	3	3	3	3	4	3	3	3
dups	2	0	0	0	0	0	0	0	0	1	0	0	0
loss	0	0	0	0	0	0	0	0	0	0	0	0	0
# 85.1
type	an	tn7	tn5	tn3	hum	mou	cow	chi	fn5	zeb	fn3	tet	med
copy	1	1	1	1	1	1	1	0	1	1	1	1	1
dups	0	0	0	0	0	0	0	0	0	0	0	0	0
loss	0	0	0	0	0	0	0	1	0	0	0	0	0
# 86.1
type	an	tn7	tn5	tn3	hum	mou	cow	chi	fn5	zeb	fn3	tet	med
copy	1	1	1	1	1	1	1	1	1	2	1	0	1
dups	0	0	0	0	0	0	0	0	0	1	0	0	0
loss	0	0	0	0	0	0	0	0	0	0	0	1	0
# 87.1
type	an	tn7	tn5	tn3	hum	mou	cow	chi	fn5	zeb	fn3	tet	med
copy	1	1	1	1	1	1	1	1	1	1	0	0	0
dups	0	0	0	0	0	0	0	0	0	0	0	0	0
loss	0	0	0	0	0	0	0	0	0	0	1	0	0
# 88.1
type	an	tn7	tn5	tn3	hum	mou	cow	chi	fn5	zeb	fn3	tet	med
copy	1	1	0	0	0	0	0	1	1	1	0	0	0
dups	0	0	0	0	0	0	0	0	0	0	0	0	0
loss	0	0	1	0	0	0	0	0	0	0	1	0	0
# 89.1
type	an	tn7	tn5	tn3	hum	mou	cow	chi	fn5	zeb	fn3	tet	med
copy	1	1	1	1	1	1	1	0	1	1	1	0	1
dups	0	0	0	0	0	0	0	0	0	0	0	0	0
loss	0	0	0	0	0	0	0	1	0	0	0	1	0
# 90.1
type	an	tn7	tn5	tn3	hum	mou	cow	chi	fn5	zeb	fn3	tet	med
copy	1	1	1	1	1	1	1	1	1	2	1	1	1
dups	0	0	0	0	0	0	0	0	0	1	0	0	0
loss	0	0	0	0	0	0	0	0	0	0	0	0	0
# 91.1
type	an	tn7	tn5	tn3	hum	mou	cow	chi	fn5	zeb	fn3	tet	med
copy	2	2	2	2	2	2	3	2	3	4	3	3	3
dups	1	0	0	0	0	0	1	0	1	1	0	0	0
loss	0	0	0	0	0	0	0	0	0	0	0	0	0
# 92.1
type	an	tn7	tn5	tn3	hum	mou	cow	chi	fn5	zeb	fn3	tet	med
copy	1	1	0	0	0	0	0	1	1	2	1	1	1
dups	0	0	0	0	0	0	0	0	0	1	0	0	0
loss	0	0	1	0	0	0	0	0	0	0	0	0	0
# 93.1
type	an	tn7	tn5	tn3	hum	mou	cow	chi	fn5	zeb	fn3	tet	med
copy	1	1	0	0	0	0	0	1	1	1	1	0	1
dups	0	0	0	0	0	0	0	0	0	0	0	0	0
loss	0	0	1	0	0	0	0	0	0	0	0	1	0
# 94.1
type	an	tn7	tn5	tn3	hum	mou	cow	chi	fn5	zeb	fn3	tet	med
copy	2	2	2	2	2	2	2	2	2	3	2	2	2
dups	1	0	0	0	0	0	0	0	0	1	0	0	0
loss	0	0	0	0	0	0	0	0	0	0	0	0	0
# 95.1
type	an	tn7	tn5	tn3	hum	mou	cow	chi	fn5	zeb	fn3	tet	med
copy	1	1	1	1	1	1	1	1	1	2	1	1	1
dups	0	0	0	0	0	0	0	0	0	1	0	0	0
loss	0	0	0	0	0	0	0	0	0	0	0	0	0
# 96.1
type	an	tn7	tn5	tn3	hum	mou	cow	chi	fn5	zeb	fn3	tet	med
copy	1	1	0	0	0	0	0	1	1	1	1	1	0
dups	0	0	0	0	0	0	0	0	0	0	0	0	0
loss	0	0	1	0	0	0	0	0	0	0	0	0	1
# 97.1
type	an	tn7	tn5	tn3	hum	mou	cow	chi	fn5	zeb	fn3	tet	med
copy	1	1	1	1	1	1	1	1	1	1	2	2	2
dups	0	0	0	0	0	0	0	0	0	0	1	0	0
loss	0	0	0	0	0	0	0	0	0	0	0	0	0
# 98.1
type	an	tn7	tn5	tn3	hum	mou	cow	chi	fn5	zeb	fn3	tet	med
copy	2	2	2	2	2	2	2	3	2	2	2	2	2
dups	1	0	0	0	0	0	0	1	0	0	0	0	0
loss	0	0	0	0	0	0	0	0	0	0	0	0	0
# 99.1
type	an	tn7	tn5	tn3	hum	mou	cow	chi	fn5	zeb	fn3	tet	med
copy	1	1	0	0	0	0	0	1	1	1	1	1	1
dups	0	0	0	0	0	0	0	0	0	0	0	0	0
loss	0	0	1	0	0	0	0	0	0	0	0	0	0
# 100.1
type	an	tn7	tn5	tn3	hum	mou	cow	chi	fn5	zeb	fn3	tet	med
copy	1	1	1	1	1	1	1	2	1	0	2	3	2
dups	0	0	0	0	0	0	0	1	0	0	1	1	0
loss	0	0	0	0	0	0	0	0	0	1	0	0	0
# 101.1
type	an	tn7	tn5	tn3	hum	mou	cow	chi	fn5	zeb	fn3	tet	med
copy	1	1	1	1	0	1	0	0	1	0	1	1	0
dups	0	0	0	0	0	0	0	0	0	0	0	0	0
loss	0	0	0	0	1	0	1	1	0	1	0	0	1
# 102.1
type	an	tn7	tn5	tn3	hum	mou	cow	chi	fn5	zeb	fn3	tet	med
copy	1	1	1	1	1	5	1	0	1	0	1	1	0
dups	0	0	0	0	0	4	0	0	0	0	0	0	0
loss	0	0	0	0	0	0	0	1	0	1	0	0	1
# 103.1
type	an	tn7	tn5	tn3	hum	mou	cow	chi	fn5	zeb	fn3	tet	med
copy	1	1	1	1	2	1	1	1	1	0	1	0	1
dups	0	0	0	0	1	0	0	0	0	0	0	0	0
loss	0	0	0	0	0	0	0	0	0	1	0	1	0
# 104.1
type	an	tn7	tn5	tn3	hum	mou	cow	chi	fn5	zeb	fn3	tet	med
copy	1	1	1	1	1	0	0	0	1	0	1	0	1
dups	0	0	0	0	0	0	0	0	0	0	0	0	0
loss	0	0	0	0	0	1	1	1	0	1	0	1	0
